<?xml version='1.0' encoding='UTF-8'?>
<testsuite hostname="DESKTOP-PU5KSJB" name="scala.model.PlayerHandTest" tests="4" errors="0" failures="0" skipped="0" time="0.294" timestamp="2024-11-22T11:17:15">
          <properties>
      <property name="java.specification.version" value="21"/><property name="sun.cpu.isalist" value="amd64"/><property name="sun.jnu.encoding" value="Cp1252"/><property name="sun.arch.data.model" value="64"/><property name="java.vendor.url" value="https://java.oracle.com/"/><property name="sun.boot.library.path" value="C:\CodeTools\jdk-21\bin"/><property name="sun.java.command" value="xsbt.boot.Boot clean coverage test coverageReport coverageAggregate"/><property name="jdk.debug" value="release"/><property name="java.specification.vendor" value="Oracle Corporation"/><property name="java.version.date" value="2023-09-19"/><property name="java.home" value="C:\CodeTools\jdk-21"/><property name="file.separator" value="\"/><property name="java.vm.compressedOopsMode" value="32-bit"/><property name="line.separator" value="
"/><property name="java.vm.specification.vendor" value="Oracle Corporation"/><property name="java.specification.name" value="Java Platform API Specification"/><property name="user.script" value=""/><property name="sun.management.compiler" value="HotSpot 64-Bit Tiered Compilers"/><property name="java.runtime.version" value="21+35-2513"/><property name="user.name" value="miche"/><property name="log4j.ignoreTCL" value="true"/><property name="file.encoding" value="UTF-8"/><property name="jnidispatch.path" value="C:\Users\miche\AppData\Local\Temp\jna-103890308\jna12854907959944114504.dll"/><property name="jna.loaded" value="true"/><property name="java.io.tmpdir" value="C:\Users\miche\AppData\Local\Temp\"/><property name="java.version" value="21"/><property name="java.vm.specification.name" value="Java Virtual Machine Specification"/><property name="sun.os.patch.level" value=""/><property name="native.encoding" value="Cp1252"/><property name="java.library.path" value="C:\CodeTools\jdk-21\bin;C:\WINDOWS\Sun\Java\bin;C:\WINDOWS\system32;C:\WINDOWS;C:\WINDOWS\system32;C:\WINDOWS;C:\WINDOWS\System32\Wbem;C:\WINDOWS\System32\WindowsPowerShell\v1.0\;C:\WINDOWS\System32\OpenSSH\;C:\Program Files\Intel\WiFi\bin\;C:\Program Files\Common Files\Intel\WirelessCommon\;C:\Program Files\MATLAB\R2024a\bin;C:\Program Files\Microsoft SQL Server\150\Tools\Binn\;C:\Program Files\Microsoft SQL Server\Client SDK\ODBC\170\Tools\Binn\;C:\Program Files\dotnet\;C:\Program Files\Docker\Docker\resources\bin;C:\Program Files\Git\cmd;C:\Program Files (x86)\sbt\bin;C:\Users\miche\AppData\Local\Programs\Python\Launcher\;C:\Program Files\MySQL\MySQL Shell 8.0\bin\;C:\Users\miche\AppData\Local\Microsoft\WindowsApps;C:\Users\miche\AppData\Local\Programs\Microsoft VS Code\bin;C:\CodeTools\jdk-21\bin;C:\CodeTools\apache-ant-1.10.14\bin;C:\CodeTools\astyle-3.4.8-x64;C:\Program Files (x86)\GnuWin32\bin;C:\Users\miche\Downloads\PIPEv4.3.0.zip;C:\Users\miche\.dotnet\tools;C:\Users\miche\AppData\Local\GitHubDesktop\bin;."/><property name="stderr.encoding" value="cp850"/><property name="java.vendor" value="Oracle Corporation"/><property name="scala.ext.dirs" value="C:\Users\miche\.sbt\1.0\java9-rt-ext-oracle_corporation_21"/><property name="sun.io.unicode.encoding" value="UnicodeLittle"/><property name="java.class.path" value="C:\Program Files (x86)\sbt\\bin\sbt-launch.jar"/><property name="java.vm.vendor" value="Oracle Corporation"/><property name="user.variant" value=""/><property name="jline.shutdownhook" value="false"/><property name="user.timezone" value="Europe/Berlin"/><property name="java.vm.specification.version" value="21"/><property name="os.name" value="Windows 10"/><property name="sun.java.launcher" value="SUN_STANDARD"/><property name="user.country" value="DE"/><property name="sun.cpu.endian" value="little"/><property name="user.home" value="C:\Users\miche"/><property name="user.language" value="de"/><property name="sbt.ipcsocket.tmpdir" value="C:\Users\miche\AppData\Local\Temp\.sbtd21b43a3\ipcsocket"/><property name="swoval.tmpdir" value="C:\Users\miche\AppData\Local\Temp\.sbtd21b43a3\swoval"/><property name="jline.esc.timeout" value="0"/><property name="stdout.encoding" value="cp850"/><property name="path.separator" value=";"/><property name="os.version" value="10.0"/><property name="jna.nosys" value="true"/><property name="java.runtime.name" value="OpenJDK Runtime Environment"/><property name="java.vm.name" value="OpenJDK 64-Bit Server VM"/><property name="java.vendor.url.bug" value="https://bugreport.java.com/bugreport/"/><property name="user.dir" value="C:\SE\UNO\uno"/><property name="os.arch" value="amd64"/><property name="java.vm.info" value="mixed mode, sharing"/><property name="java.vm.version" value="21+35-2513"/><property name="java.class.version" value="65.0"/>
    </properties>
          <testcase classname="scala.model.PlayerHandTest" name="PlayerHand when created should have 5 cards" time="0.233">
                      
                    </testcase><testcase classname="scala.model.PlayerHandTest" name="PlayerHand when created should which should be random" time="0.022">
                      
                    </testcase><testcase classname="scala.model.PlayerHandTest" name="PlayerHand when existing should be able to get a card removed" time="0.037">
                      
                    </testcase><testcase classname="scala.model.PlayerHandTest" name="PlayerHand when existing should be able to get a card added" time="0.002">
                      
                    </testcase>
          <system-out><![CDATA[]]></system-out>
          <system-err><![CDATA[]]></system-err>
        </testsuite>