<?xml version='1.0' encoding='UTF-8'?>
<testsuite hostname="manuLaptop" name="scala.model.PlayerTest" tests="3" errors="0" failures="0" skipped="0" time="0.07" timestamp="2024-11-22T10:34:45">
          <properties>
      <property name="java.specification.version" value="20"/><property name="sun.cpu.isalist" value="amd64"/><property name="sun.jnu.encoding" value="Cp1252"/><property name="sun.arch.data.model" value="64"/><property name="java.vendor.url" value="https://java.oracle.com/"/><property name="sun.boot.library.path" value="C:\CodeTools\openjdk-20.0.1_windows-x64_bin\jdk-20.0.1\bin"/><property name="sun.java.command" value="xsbt.boot.Boot clean coverage test"/><property name="jdk.debug" value="release"/><property name="java.specification.vendor" value="Oracle Corporation"/><property name="java.version.date" value="2023-04-18"/><property name="java.home" value="C:\CodeTools\openjdk-20.0.1_windows-x64_bin\jdk-20.0.1"/><property name="file.separator" value="\"/><property name="java.vm.compressedOopsMode" value="32-bit"/><property name="line.separator" value="
"/><property name="java.vm.specification.vendor" value="Oracle Corporation"/><property name="java.specification.name" value="Java Platform API Specification"/><property name="user.script" value=""/><property name="sun.management.compiler" value="HotSpot 64-Bit Tiered Compilers"/><property name="java.runtime.version" value="20.0.1+9-29"/><property name="user.name" value="manal"/><property name="log4j.ignoreTCL" value="true"/><property name="file.encoding" value="UTF-8"/><property name="jnidispatch.path" value="C:\Users\manal\AppData\Local\Temp\jna-103662341\jna7974580503870104926.dll"/><property name="jna.loaded" value="true"/><property name="java.io.tmpdir" value="C:\Users\manal\AppData\Local\Temp\"/><property name="java.version" value="20.0.1"/><property name="java.vm.specification.name" value="Java Virtual Machine Specification"/><property name="sun.os.patch.level" value=""/><property name="native.encoding" value="Cp1252"/><property name="java.library.path" value="C:\CodeTools\openjdk-20.0.1_windows-x64_bin\jdk-20.0.1\bin;C:\windows\Sun\Java\bin;C:\windows\system32;C:\windows;C:\windows\system32;C:\windows;C:\windows\System32\Wbem;C:\windows\System32\WindowsPowerShell\v1.0\;C:\windows\System32\OpenSSH\;C:\Program Files\MATLAB\R2023\bin;C:\Program Files\Calibre2\;C:\Program Files\Git\cmd;C:\Program Files\Docker\Docker\resources\bin;C:\Users\manal\AppData\Local\Microsoft\WindowsApps;C:\CodeTools\openjdk-20.0.1_windows-x64_bin\jdk-20.0.1\bin;C:\CodeTools\apache-ant-1.10.13\bin;C:\CodeTools\AStyle\bin;C:\Users\manal\AppData\Local\Programs\Microsoft VS Code\bin;C:\Program (x86)\GnuWin32\bin;;C:\Program Files\JetBrains\PyCharm 2023.1.2\bin;;C:\Users\manal\AppData\Local\Coursier\data\bin;."/><property name="stderr.encoding" value="cp850"/><property name="java.vendor" value="Oracle Corporation"/><property name="scala.ext.dirs" value="C:\Users\manal\.sbt\1.0\java9-rt-ext-oracle_corporation_20_0_1"/><property name="sun.io.unicode.encoding" value="UnicodeLittle"/><property name="java.class.path" value="C:\Users\manal\AppData\Local\Coursier\cache\arc\https\github.com\sbt\sbt\releases\download\v1.9.9\sbt-1.9.9.zip\sbt\bin\sbt-launch.jar"/><property name="java.vm.vendor" value="Oracle Corporation"/><property name="user.variant" value=""/><property name="jline.shutdownhook" value="false"/><property name="user.timezone" value="Europe/Berlin"/><property name="java.vm.specification.version" value="20"/><property name="os.name" value="Windows 11"/><property name="sun.java.launcher" value="SUN_STANDARD"/><property name="user.country" value="DE"/><property name="sun.cpu.endian" value="little"/><property name="user.home" value="C:\Users\manal"/><property name="user.language" value="de"/><property name="sbt.ipcsocket.tmpdir" value="C:\Users\manal\AppData\Local\Temp\.sbt3b394c7b\ipcsocket"/><property name="swoval.tmpdir" value="C:\Users\manal\AppData\Local\Temp\.sbt3b394c7b\swoval"/><property name="jline.esc.timeout" value="0"/><property name="stdout.encoding" value="cp850"/><property name="path.separator" value=";"/><property name="os.version" value="10.0"/><property name="jna.nosys" value="true"/><property name="java.runtime.name" value="OpenJDK Runtime Environment"/><property name="java.vm.name" value="OpenJDK 64-Bit Server VM"/><property name="java.vendor.url.bug" value="https://bugreport.java.com/bugreport/"/><property name="user.dir" value="C:\SoftwareEngineering\UNO\uno"/><property name="os.arch" value="amd64"/><property name="java.vm.info" value="mixed mode, sharing"/><property name="java.vm.version" value="20.0.1+9-29"/><property name="java.class.version" value="64.0"/>
    </properties>
          <testcase classname="scala.model.PlayerTest" name="Player should play a card" time="0.067">
                      
                    </testcase><testcase classname="scala.model.PlayerTest" name="Player should check if card is valid" time="0.002">
                      
                    </testcase><testcase classname="scala.model.PlayerTest" name="Player should not play a card" time="0.001">
                      
                    </testcase>
          <system-out><![CDATA[]]></system-out>
          <system-err><![CDATA[]]></system-err>
        </testsuite>